This is pdfTeXk, Version 3.141592-1.40.3 (Web2C 7.5.6) (format=pdflatex 2008.7.15)  3 MAR 2009 07:28
entering extended mode
 %&-line parsing enabled.
**fastest-whitepaper.tex
(./fastest-whitepaper.tex
LaTeX2e <2005/12/01>
Babel <v3.8h> and hyphenation patterns for english, usenglishmax, dumylang, noh
yphenation, loaded.
(/usr/share/texmf-texlive/tex/latex/base/article.cls
Document Class: article 2005/09/16 v1.4f Standard LaTeX document class
(/usr/share/texmf-texlive/tex/latex/base/size12.clo
File: size12.clo 2005/09/16 v1.4f Standard LaTeX file (size option)
)
\c@part=\count79
\c@section=\count80
\c@subsection=\count81
\c@subsubsection=\count82
\c@paragraph=\count83
\c@subparagraph=\count84
\c@figure=\count85
\c@table=\count86
\abovecaptionskip=\skip41
\belowcaptionskip=\skip42
\bibindent=\dimen102
)
(/usr/share/texmf-texlive/tex/latex/amsmath/amsmath.sty
Package: amsmath 2000/07/18 v2.13 AMS math features
\@mathmargin=\skip43

For additional information on amsmath, use the `?' option.
(/usr/share/texmf-texlive/tex/latex/amsmath/amstext.sty
Package: amstext 2000/06/29 v2.01

(/usr/share/texmf-texlive/tex/latex/amsmath/amsgen.sty
File: amsgen.sty 1999/11/30 v2.0
\@emptytoks=\toks14
\ex@=\dimen103
))
(/usr/share/texmf-texlive/tex/latex/amsmath/amsbsy.sty
Package: amsbsy 1999/11/29 v1.2d
\pmbraise@=\dimen104
)
(/usr/share/texmf-texlive/tex/latex/amsmath/amsopn.sty
Package: amsopn 1999/12/14 v2.01 operator names
)
\inf@bad=\count87
LaTeX Info: Redefining \frac on input line 211.
\uproot@=\count88
\leftroot@=\count89
LaTeX Info: Redefining \overline on input line 307.
\classnum@=\count90
\DOTSCASE@=\count91
LaTeX Info: Redefining \ldots on input line 379.
LaTeX Info: Redefining \dots on input line 382.
LaTeX Info: Redefining \cdots on input line 467.
\Mathstrutbox@=\box26
\strutbox@=\box27
\big@size=\dimen105
LaTeX Font Info:    Redeclaring font encoding OML on input line 567.
LaTeX Font Info:    Redeclaring font encoding OMS on input line 568.
\macc@depth=\count92
\c@MaxMatrixCols=\count93
\dotsspace@=\muskip10
\c@parentequation=\count94
\dspbrk@lvl=\count95
\tag@help=\toks15
\row@=\count96
\column@=\count97
\maxfields@=\count98
\andhelp@=\toks16
\eqnshift@=\dimen106
\alignsep@=\dimen107
\tagshift@=\dimen108
\tagwidth@=\dimen109
\totwidth@=\dimen110
\lineht@=\dimen111
\@envbody=\toks17
\multlinegap=\skip44
\multlinetaggap=\skip45
\mathdisplay@stack=\toks18
LaTeX Info: Redefining \[ on input line 2666.
LaTeX Info: Redefining \] on input line 2667.
)
(/usr/share/texmf-texlive/tex/latex/tools/multicol.sty
Package: multicol 2006/05/18 v1.6g multicolumn formatting (FMi)
\c@tracingmulticols=\count99
\mult@box=\box28
\multicol@leftmargin=\dimen112
\c@unbalance=\count100
\c@collectmore=\count101
\doublecol@number=\count102
\multicoltolerance=\count103
\multicolpretolerance=\count104
\full@width=\dimen113
\page@free=\dimen114
\premulticols=\dimen115
\postmulticols=\dimen116
\multicolsep=\skip46
\multicolbaselineskip=\skip47
\partial@page=\box29
\last@line=\box30
\mult@rightbox=\box31
\mult@grightbox=\box32
\mult@gfirstbox=\box33
\mult@firstbox=\box34
\@tempa=\box35
\@tempa=\box36
\@tempa=\box37
\@tempa=\box38
\@tempa=\box39
\@tempa=\box40
\@tempa=\box41
\@tempa=\box42
\@tempa=\box43
\@tempa=\box44
\@tempa=\box45
\@tempa=\box46
\@tempa=\box47
\@tempa=\box48
\@tempa=\box49
\@tempa=\box50
\@tempa=\box51
\c@columnbadness=\count105
\c@finalcolumnbadness=\count106
\last@try=\dimen117
\multicolovershoot=\dimen118
\multicolundershoot=\dimen119
\mult@nat@firstbox=\box52
\colbreak@box=\box53
)
(/usr/share/texmf-texlive/tex/latex/zed-csp-tla/czt.sty
(/usr/share/texmf-texlive/tex/latex/zed-csp-tla/oz.sty
Package: oz 1995/10/03 2.41 Object Z macros
\c@mv@oz=\count107
LaTeX Font Info:    Overwriting math alphabet `\mathrm' in version `oz'
(Font)                  OT1/cmr/m/n --> OT1/cmr/m/n on input line 74.
LaTeX Font Info:    Overwriting math alphabet `\mathbf' in version `oz'
(Font)                  OT1/cmr/bx/n --> OT1/cmr/bx/n on input line 74.
LaTeX Font Info:    Overwriting math alphabet `\mathsf' in version `oz'
(Font)                  OT1/cmss/m/n --> OT1/cmss/m/n on input line 74.
\symitalics=\mathgroup4
LaTeX Font Info:    Redeclaring math alphabet \mathrm on input line 74.
LaTeX Font Info:    Redeclaring math alphabet \mathit on input line 74.
\symlasy=\mathgroup5
\symAMSa=\mathgroup6
\symAMSb=\mathgroup7
\strutbox@=\box54
\big@size=\dimen120
LaTeX Font Info:    Redeclaring math symbol \sqsubset on input line 352.
LaTeX Font Info:    Redeclaring math symbol \sqsupset on input line 352.
LaTeX Font Info:    Redeclaring math symbol \mho on input line 352.
LaTeX Font Info:    Redeclaring math symbol \hbar on input line 352.
\z@combox=\box55
\z@wdcalc=\dimen121
\z@stackmin=\count108
\z@stackmax=\count109
\z@stacktop=\count110
\@gtempa=\dimen122
\@gtempa=\dimen123
\@gtempa=\dimen124
\@gtempa=\dimen125
\@gtempa=\dimen126
\@gtempa=\dimen127
\@gtempa=\dimen128
\@gtempa=\dimen129
\@gtempa=\dimen130
\@gtempa=\dimen131
\@gtempa=\dimen132
\@gtempa=\dimen133
\@gtempa=\dimen134
\@gtempa=\dimen135
\@gtempa=\dimen136
\@gtempa=\dimen137
\@gtempa=\dimen138
\@gtempa=\dimen139
\@gtempa=\dimen140
\@gtempa=\dimen141
\@gtempa=\dimen142
\@gtempa=\dimen143
\@gtempa=\dimen144
\@gtempa=\dimen145
\@gtempa=\dimen146
\@gtempa=\dimen147
\@gtempa=\dimen148
\@gtempa=\dimen149
\@gtempa=\dimen150
\@gtempa=\dimen151
\@gtempa=\dimen152
\@gtempa=\dimen153
\@gtempa=\dimen154
\@gtempa=\dimen155
\@gtempa=\dimen156
\@gtempa=\dimen157
\@gtempa=\dimen158
\@gtempa=\dimen159
\@gtempa=\dimen160
\@gtempa=\dimen161
\@gtempa=\dimen162
\@gtempa=\dimen163
\@gtempa=\dimen164
\@gtempa=\dimen165
\@gtempa=\dimen166
\@gtempa=\dimen167
\@gtempa=\dimen168
\@gtempa=\dimen169
\@gtempa=\dimen170
\@gtempa=\dimen171
\z@curline=\box56
\z@curindent=\dimen172
\z@curfield=\box57
\zedindent=\dimen173
\zedleftsep=\dimen174
\zedtab=\dimen175
\zedbar=\dimen176
\zedlinethickness=\dimen177
\zedcornerheight=\dimen178
\z@cols=\count111
\zedbaselineskip=\skip48
\zstrutbox=\box58
\interzedlinepenalty=\count112
\preboxpenalty=\count113
\forcepagepenalty=\count114
\z@adskip=\skip49
\z@bdskip=\skip50
\z@adsskip=\skip51
\z@bdsskip=\skip52
\z@temp=\dimen179
))
(/usr/share/texmf-texlive/tex/latex/dirtree/dirtree.sty
Package: dirtree 2006/01/25 v0.2 package wrapper for dirtree

(/usr/share/texmf-texlive/tex/latex/dirtree/dirtree.tex
`dirtree' v0.2, 2006/01/25 (jcc)
\DT@offset=\dimen180
\DT@width=\dimen181
\DT@sep=\dimen182
\DT@all=\dimen183
\DT@rulewidth=\dimen184
\DT@dotwidth=\dimen185
\DTbaselineskip=\dimen186
\DT@counti=\count115
\DT@countii=\count116
\DT@countiii=\count117
\DT@countiv=\count118
)
File: dirtree.tex 2006/01/25 v0.2 `dirtree' (jcc)
)
(/usr/share/texmf-texlive/tex/latex/hyperref/hyperref.sty
Package: hyperref 2007/02/07 v6.75r Hypertext links for LaTeX

(/usr/share/texmf-texlive/tex/latex/graphics/keyval.sty
Package: keyval 1999/03/16 v1.13 key=value parser (DPC)
\KV@toks@=\toks19
)
\@linkdim=\dimen187
\Hy@linkcounter=\count119
\Hy@pagecounter=\count120

(/usr/share/texmf-texlive/tex/latex/hyperref/pd1enc.def
File: pd1enc.def 2007/02/07 v6.75r Hyperref: PDFDocEncoding definition (HO)
)
(/etc/texmf/tex/latex/config/hyperref.cfg
File: hyperref.cfg 2002/06/06 v1.2 hyperref configuration of TeXLive
)
(/usr/share/texmf-texlive/tex/latex/oberdiek/kvoptions.sty
Package: kvoptions 2006/08/22 v2.4 Connects package keyval with LaTeX options (
HO)
)
Package hyperref Info: Option `colorlinks' set `true' on input line 2238.
Package hyperref Info: Hyper figures OFF on input line 2288.
Package hyperref Info: Link nesting OFF on input line 2293.
Package hyperref Info: Hyper index ON on input line 2296.
Package hyperref Info: Plain pages OFF on input line 2303.
Package hyperref Info: Backreferencing OFF on input line 2308.

Implicit mode ON; LaTeX internals redefined
Package hyperref Info: Bookmarks ON on input line 2444.
(/usr/share/texmf-texlive/tex/latex/ltxmisc/url.sty
\Urlmuskip=\muskip11
Package: url 2005/06/27  ver 3.2  Verb mode for urls, etc.
)
LaTeX Info: Redefining \url on input line 2599.
\Fld@menulength=\count121
\Field@Width=\dimen188
\Fld@charsize=\dimen189
\Choice@toks=\toks20
\Field@toks=\toks21
Package hyperref Info: Hyper figures OFF on input line 3102.
Package hyperref Info: Link nesting OFF on input line 3107.
Package hyperref Info: Hyper index ON on input line 3110.
Package hyperref Info: backreferencing OFF on input line 3117.
Package hyperref Info: Link coloring ON on input line 3120.
\Hy@abspage=\count122
\c@Item=\count123
\c@Hfootnote=\count124
)
*hyperref using driver hpdftex*
(/usr/share/texmf-texlive/tex/latex/hyperref/hpdftex.def
File: hpdftex.def 2007/02/07 v6.75r Hyperref driver for pdfTeX
\Fld@listcount=\count125
)
(/usr/share/texmf-texlive/tex/latex/graphics/graphicx.sty
Package: graphicx 1999/02/16 v1.0f Enhanced LaTeX Graphics (DPC,SPQR)

(/usr/share/texmf-texlive/tex/latex/graphics/graphics.sty
Package: graphics 2006/02/20 v1.0o Standard LaTeX Graphics (DPC,SPQR)

(/usr/share/texmf-texlive/tex/latex/graphics/trig.sty
Package: trig 1999/03/16 v1.09 sin cos tan (DPC)
)
(/etc/texmf/tex/latex/config/graphics.cfg
File: graphics.cfg 2007/01/18 v1.5 graphics configuration of teTeX/TeXLive
)
Package graphics Info: Driver file: pdftex.def on input line 90.

(/usr/share/texmf-texlive/tex/latex/pdftex-def/pdftex.def
File: pdftex.def 2007/01/08 v0.04d Graphics/color for pdfTeX
\Gread@gobject=\count126
))
\Gin@req@height=\dimen190
\Gin@req@width=\dimen191
)
(/usr/share/texmf-texlive/tex/latex/preprint/fullpage.sty
Package: fullpage 1999/02/23 1.1 (PWD)
\FP@margin=\skip53
)
(./fastest-whitepaper.aux)
\openout1 = `fastest-whitepaper.aux'.

LaTeX Font Info:    Checking defaults for OML/cmm/m/it on input line 10.
LaTeX Font Info:    ... okay on input line 10.
LaTeX Font Info:    Checking defaults for T1/cmr/m/n on input line 10.
LaTeX Font Info:    ... okay on input line 10.
LaTeX Font Info:    Checking defaults for OT1/cmr/m/n on input line 10.
LaTeX Font Info:    ... okay on input line 10.
LaTeX Font Info:    Checking defaults for OMS/cmsy/m/n on input line 10.
LaTeX Font Info:    ... okay on input line 10.
LaTeX Font Info:    Checking defaults for OMX/cmex/m/n on input line 10.
LaTeX Font Info:    ... okay on input line 10.
LaTeX Font Info:    Checking defaults for U/cmr/m/n on input line 10.
LaTeX Font Info:    ... okay on input line 10.
LaTeX Font Info:    Checking defaults for PD1/pdf/m/n on input line 10.
LaTeX Font Info:    ... okay on input line 10.

(/usr/share/texmf-texlive/tex/latex/graphics/color.sty
Package: color 2005/11/14 v1.0j Standard LaTeX Color (DPC)

(/etc/texmf/tex/latex/config/color.cfg
File: color.cfg 2007/01/18 v1.5 color configuration of teTeX/TeXLive
)
Package color Info: Driver file: pdftex.def on input line 130.
)
Package hyperref Info: Link coloring ON on input line 10.

(/usr/share/texmf-texlive/tex/latex/hyperref/nameref.sty
Package: nameref 2006/12/27 v2.28 Cross-referencing by name of section

(/usr/share/texmf-texlive/tex/latex/oberdiek/refcount.sty
Package: refcount 2006/02/20 v3.0 Data extraction from references (HO)
)
\c@section@level=\count127
)
LaTeX Info: Redefining \ref on input line 10.
LaTeX Info: Redefining \pageref on input line 10.

(./fastest-whitepaper.out) (./fastest-whitepaper.out)
\@outlinefile=\write3
\openout3 = `fastest-whitepaper.out'.

 [1

{/var/lib/texmf/fonts/map/pdftex/updmap/pdftex.map}] (./mbt.tex
LaTeX Font Info:    Try loading font information for OMS+cmr on input line 5.

(/usr/share/texmf-texlive/tex/latex/base/omscmr.fd
File: omscmr.fd 1999/05/25 v2.5h Standard LaTeX font definitions
)
LaTeX Font Info:    Font shape `OMS/cmr/m/n' in size <12> not available
(Font)              Font shape `OMS/cmsy/m/n' tried instead on input line 5.
Missing character: There is no Ã in font cmr12!
Missing character: There is no ¶ in font cmr12!

</home/mcristia/fceia/software/Fastest/doc/testing-func-01.png, id=82, 369.6309
4pt x 341.77687pt>
File: /home/mcristia/fceia/software/Fastest/doc/testing-func-01.png Graphic fil
e (type png)

<use /home/mcristia/fceia/software/Fastest/doc/testing-func-01.png>
</home/mcristia/fceia/software/Fastest/doc/testing-func-02.png, id=83, 540.5193
8pt x 313.17pt>
File: /home/mcristia/fceia/software/Fastest/doc/testing-func-02.png Graphic fil
e (type png)

<use /home/mcristia/fceia/software/Fastest/doc/testing-func-02.png>

LaTeX Warning: `h' float specifier changed to `ht'.

LaTeX Font Info:    Try loading font information for U+lasy on input line 53.
(/usr/share/texmf-texlive/tex/latex/base/ulasy.fd
File: ulasy.fd 1998/08/17 v2.2e LaTeX symbol font definitions
)
LaTeX Font Info:    Try loading font information for U+msa on input line 53.

(/usr/share/texmf-texlive/tex/latex/amsfonts/umsa.fd
File: umsa.fd 2002/01/19 v2.2g AMS font definitions
)
LaTeX Font Info:    Try loading font information for U+msb on input line 53.

(/usr/share/texmf-texlive/tex/latex/amsfonts/umsb.fd
File: umsb.fd 2002/01/19 v2.2g AMS font definitions
) [2 </home/mcristia/fceia/software/Fastest/doc/testing-func-01.png>]

LaTeX Warning: `h' float specifier changed to `ht'.


</home/mcristia/fceia/software/Fastest/doc/testing-func-03.png, id=96, 540.5193
8pt x 788.19469pt>
File: /home/mcristia/fceia/software/Fastest/doc/testing-func-03.png Graphic fil
e (type png)

<use /home/mcristia/fceia/software/Fastest/doc/testing-func-03.png>

LaTeX Warning: Float too large for page by 19.51338pt on input line 104.

[3 </home/mcristia/fceia/software/Fastest/doc/testing-func-02.png>]
Overfull \hbox (20.31209pt too wide) in paragraph at lines 134--135
[]\OT1/cmr/m/n/12 FASTEST is in-te-grated with the Com-mu-nity Z Tools (CZT, []
\OT1/cmtt/m/n/12 http://czt.sourceforge.net/\OT1/cmr/m/n/12 ),
 []


</home/mcristia/fceia/software/Fastest/doc/fastest-ep.png, id=109, 484.05844pt 
x 199.49532pt>
File: /home/mcristia/fceia/software/Fastest/doc/fastest-ep.png Graphic file (ty
pe png)
 <use /home/mcristia/fceia/software/Fastest/doc/fastest-ep.png>
[4] [5 </home/mcristia/fceia/software/Fastest/doc/testing-func-03.png>]
(/home/mcristia/fceia/software/Fastest/doc/sensors-simp.tex [6 </home/mcristia/
fceia/software/Fastest/doc/fastest-ep.png>])
(/home/mcristia/fceia/software/Fastest/doc/sensors-simp-tt.tex)
(/home/mcristia/fceia/software/Fastest/doc/sensors-simp-tcl.tex [7] [8]
[9] [10]) [11] (/home/mcristia/fceia/software/Fastest/doc/sensors-simp-ett.tex)
[12] [13] (/home/mcristia/fceia/software/Fastest/doc/sensors-simp-tca.tex)
[14]) (./manual.tex [15] [16] [17] [18]) [19] (./fastest-whitepaper.aux) ) 
Here is how much of TeX's memory you used:
 4320 strings out of 95086
 61402 string characters out of 1183255
 130497 words of memory out of 1500000
 7318 multiletter control sequences out of 10000+50000
 15183 words of font info for 61 fonts, out of 1200000 for 2000
 28 hyphenation exceptions out of 8191
 31i,16n,36p,1121b,493s stack positions out of 5000i,500n,6000p,200000b,5000s
pdfTe
X warning (dest): name{s:KeepMaxReading\\unhbox\040\\voidb@x\040\\vbox\040{\\hr
ule\040width0.4em}SP\\unhbox\040\\voidb@x\040\\vbox\040{\\hrule\040width0.4em}2
7\\unhbox\040\\voidb@x\040\\vbox\040{\\hrule\040width0.4em}TCASE} has been refe
renced but does not exist, replaced by a fixed one

pdfTeX warning (dest): name{s:KeepMaxReading\\unhbox\040\\voidb@x\040\\vbox\040
{\\hrule\040width0.4em}SP\\unhbox\040\\voidb@x\040\\vbox\040{\\hrule\040width0.
4em}26\\unhbox\040\\voidb@x\040\\vbox\040{\\hrule\040width0.4em}TCASE} has been
 referenced but does not exist, replaced by a fixed one

pdfTeX warning (dest): name{s:KeepMaxReading\\unhbox\040\\voidb@x\040\\vbox\040
{\\hrule\040width0.4em}SP\\unhbox\040\\voidb@x\040\\vbox\040{\\hrule\040width0.
4em}25\\unhbox\040\\voidb@x\040\\vbox\040{\\hrule\040width0.4em}TCASE} has been
 referenced but does not exist, replaced by a fixed one

pdfTeX warning (dest): name{s:KeepMaxReading\\unhbox\040\\voidb@x\040\\vbox\040
{\\hrule\040width0.4em}SP\\unhbox\040\\voidb@x\040\\vbox\040{\\hrule\040width0.
4em}23\\unhbox\040\\voidb@x\040\\vbox\040{\\hrule\040width0.4em}TCASE} has been
 referenced but does not exist, replaced by a fixed one

pdfTeX warning (dest): name{s:KeepMaxReading\\unhbox\040\\voidb@x\040\\vbox\040
{\\hrule\040width0.4em}SP\\unhbox\040\\voidb@x\040\\vbox\040{\\hrule\040width0.
4em}22\\unhbox\040\\voidb@x\040\\vbox\040{\\hrule\040width0.4em}TCASE} has been
 referenced but does not exist, replaced by a fixed one

pdfTeX warning (dest): name{s:KeepMaxReading\\unhbox\040\\voidb@x\040\\vbox\040
{\\hrule\040width0.4em}SP\\unhbox\040\\voidb@x\040\\vbox\040{\\hrule\040width0.
4em}19\\unhbox\040\\voidb@x\040\\vbox\040{\\hrule\040width0.4em}TCASE} has been
 referenced but does not exist, replaced by a fixed one

pdfTeX warning (dest): name{s:KeepMaxReading\\unhbox\040\\voidb@x\040\\vbox\040
{\\hrule\040width0.4em}SP\\unhbox\040\\voidb@x\040\\vbox\040{\\hrule\040width0.
4em}9\\unhbox\040\\voidb@x\040\\vbox\040{\\hrule\040width0.4em}TCASE} has been 
referenced but does not exist, replaced by a fixed one

pdfTeX warning (dest): name{s:KeepMaxReading\\unhbox\040\\voidb@x\040\\vbox\040
{\\hrule\040width0.4em}SP\\unhbox\040\\voidb@x\040\\vbox\040{\\hrule\040width0.
4em}6\\unhbox\040\\voidb@x\040\\vbox\040{\\hrule\040width0.4em}TCASE} has been 
referenced but does not exist, replaced by a fixed one

pdfTeX warning (dest): name{s:KeepMaxReading\\unhbox\040\\voidb@x\040\\vbox\040
{\\hrule\040width0.4em}SP\\unhbox\040\\voidb@x\040\\vbox\040{\\hrule\040width0.
4em}3\\unhbox\040\\voidb@x\040\\vbox\040{\\hrule\040width0.4em}TCASE} has been 
referenced but does not exist, replaced by a fixed one

pdfTeX warning (dest): name{s:KeepMaxReading\\unhbox\040\\voidb@x\040\\vbox\040
{\\hrule\040width0.4em}SP\\unhbox\040\\voidb@x\040\\vbox\040{\\hrule\040width0.
4em}2\\unhbox\040\\voidb@x\040\\vbox\040{\\hrule\040width0.4em}TCASE} has been 
referenced but does not exist, replaced by a fixed one

pdfTeX warning (dest): name{s:KeepMaxReading\\unhbox\040\\voidb@x\040\\vbox\040
{\\hrule\040width0.4em}SP\\unhbox\040\\voidb@x\040\\vbox\040{\\hrule\040width0.
4em}1\\unhbox\040\\voidb@x\040\\vbox\040{\\hrule\040width0.4em}TCASE} has been 
referenced but does not exist, replaced by a fixed one

pdfTeX warning (dest): name{s:KeepMaxReading\\unhbox\040\\voidb@x\040\\vbox\040
{\\hrule\040width0.4em}SP\\unhbox\040\\voidb@x\040\\vbox\040{\\hrule\040width0.
4em}27} has been referenced but does not exist, replaced by a fixed one

pdfTeX warning (dest): name{s:KeepMaxReading\\unhbox\040\\voidb@x\040\\vbox\040
{\\hrule\040width0.4em}SP\\unhbox\040\\voidb@x\040\\vbox\040{\\hrule\040width0.
4em}26} has been referenced but does not exist, replaced by a fixed one

pdfTeX warning (dest): name{s:KeepMaxReading\\unhbox\040\\voidb@x\040\\vbox\040
{\\hrule\040width0.4em}SP\\unhbox\040\\voidb@x\040\\vbox\040{\\hrule\040width0.
4em}25} has been referenced but does not exist, replaced by a fixed one

pdfTeX warning (dest): name{s:KeepMaxReading\\unhbox\040\\voidb@x\040\\vbox\040
{\\hrule\040width0.4em}SP\\unhbox\040\\voidb@x\040\\vbox\040{\\hrule\040width0.
4em}24} has been referenced but does not exist, replaced by a fixed one

pdfTeX warning (dest): name{s:KeepMaxReading\\unhbox\040\\voidb@x\040\\vbox\040
{\\hrule\040width0.4em}SP\\unhbox\040\\voidb@x\040\\vbox\040{\\hrule\040width0.
4em}23} has been referenced but does not exist, replaced by a fixed one

pdfTeX warning (dest): name{s:KeepMaxReading\\unhbox\040\\voidb@x\040\\vbox\040
{\\hrule\040width0.4em}SP\\unhbox\040\\voidb@x\040\\vbox\040{\\hrule\040width0.
4em}22} has been referenced but does not exist, replaced by a fixed one

pdfTeX warning (dest): name{s:KeepMaxReading\\unhbox\040\\voidb@x\040\\vbox\040
{\\hrule\040width0.4em}SP\\unhbox\040\\voidb@x\040\\vbox\040{\\hrule\040width0.
4em}21} has been referenced but does not exist, replaced by a fixed one

pdfTeX warning (dest): name{s:KeepMaxReading\\unhbox\040\\voidb@x\040\\vbox\040
{\\hrule\040width0.4em}SP\\unhbox\040\\voidb@x\040\\vbox\040{\\hrule\040width0.
4em}20} has been referenced but does not exist, replaced by a fixed one

pdfTeX warning (dest): name{s:KeepMaxReading\\unhbox\040\\voidb@x\040\\vbox\040
{\\hrule\040width0.4em}SP\\unhbox\040\\voidb@x\040\\vbox\040{\\hrule\040width0.
4em}19} has been referenced but does not exist, replaced by a fixed one

pdfTeX warning (dest): name{s:KeepMaxReading\\unhbox\040\\voidb@x\040\\vbox\040
{\\hrule\040width0.4em}DNF\\unhbox\040\\voidb@x\040\\vbox\040{\\hrule\040width0
.4em}3} has been referenced but does not exist, replaced by a fixed one

pdfTeX warning (dest): name{s:KeepMaxReading\\unhbox\040\\voidb@x\040\\vbox\040
{\\hrule\040width0.4em}SP\\unhbox\040\\voidb@x\040\\vbox\040{\\hrule\040width0.
4em}18} has been referenced but does not exist, replaced by a fixed one

pdfTeX warning (dest): name{s:KeepMaxReading\\unhbox\040\\voidb@x\040\\vbox\040
{\\hrule\040width0.4em}SP\\unhbox\040\\voidb@x\040\\vbox\040{\\hrule\040width0.
4em}17} has been referenced but does not exist, replaced by a fixed one

pdfTeX warning (dest): name{s:KeepMaxReading\\unhbox\040\\voidb@x\040\\vbox\040
{\\hrule\040width0.4em}SP\\unhbox\040\\voidb@x\040\\vbox\040{\\hrule\040width0.
4em}16} has been referenced but does not exist, replaced by a fixed one

pdfTeX warning (dest): name{s:KeepMaxReading\\unhbox\040\\voidb@x\040\\vbox\040
{\\hrule\040width0.4em}SP\\unhbox\040\\voidb@x\040\\vbox\040{\\hrule\040width0.
4em}15} has been referenced but does not exist, replaced by a fixed one

pdfTeX warning (dest): name{s:KeepMaxReading\\unhbox\040\\voidb@x\040\\vbox\040
{\\hrule\040width0.4em}SP\\unhbox\040\\voidb@x\040\\vbox\040{\\hrule\040width0.
4em}14} has been referenced but does not exist, replaced by a fixed one

pdfTeX warning (dest): name{s:KeepMaxReading\\unhbox\040\\voidb@x\040\\vbox\040
{\\hrule\040width0.4em}SP\\unhbox\040\\voidb@x\040\\vbox\040{\\hrule\040width0.
4em}13} has been referenced but does not exist, replaced by a fixed one

pdfTeX warning (dest): name{s:KeepMaxReading\\unhbox\040\\voidb@x\040\\vbox\040
{\\hrule\040width0.4em}SP\\unhbox\040\\voidb@x\040\\vbox\040{\\hrule\040width0.
4em}12} has been referenced but does not exist, replaced by a fixed one

pdfTeX warning (dest): name{s:KeepMaxReading\\unhbox\040\\voidb@x\040\\vbox\040
{\\hrule\040width0.4em}SP\\unhbox\040\\voidb@x\040\\vbox\040{\\hrule\040width0.
4em}11} has been referenced but does not exist, replaced by a fixed one

pdfTeX warning (dest): name{s:KeepMaxReading\\unhbox\040\\voidb@x\040\\vbox\040
{\\hrule\040width0.4em}SP\\unhbox\040\\voidb@x\040\\vbox\040{\\hrule\040width0.
4em}10} has been referenced but does not exist, replaced by a fixed one

pdfTeX warning (dest): name{s:KeepMaxReading\\unhbox\040\\voidb@x\040\\vbox\040
{\\hrule\040width0.4em}DNF\\unhbox\040\\voidb@x\040\\vbox\040{\\hrule\040width0
.4em}2} has been referenced but does not exist, replaced by a fixed one

pdfTeX warning (dest): name{s:KeepMaxReading\\unhbox\040\\voidb@x\040\\vbox\040
{\\hrule\040width0.4em}SP\\unhbox\040\\voidb@x\040\\vbox\040{\\hrule\040width0.
4em}9} has been referenced but does not exist, replaced by a fixed one

pdfTeX warning (dest): name{s:KeepMaxReading\\unhbox\040\\voidb@x\040\\vbox\040
{\\hrule\040width0.4em}SP\\unhbox\040\\voidb@x\040\\vbox\040{\\hrule\040width0.
4em}8} has been referenced but does not exist, replaced by a fixed one

pdfTeX warning (dest): name{s:KeepMaxReading\\unhbox\040\\voidb@x\040\\vbox\040
{\\hrule\040width0.4em}SP\\unhbox\040\\voidb@x\040\\vbox\040{\\hrule\040width0.
4em}7} has been referenced but does not exist, replaced by a fixed one

pdfTeX warning (dest): name{s:KeepMaxReading\\unhbox\040\\voidb@x\040\\vbox\040
{\\hrule\040width0.4em}SP\\unhbox\040\\voidb@x\040\\vbox\040{\\hrule\040width0.
4em}6} has been referenced but does not exist, replaced by a fixed one

pdfTeX warning (dest): name{s:KeepMaxReading\\unhbox\040\\voidb@x\040\\vbox\040
{\\hrule\040width0.4em}SP\\unhbox\040\\voidb@x\040\\vbox\040{\\hrule\040width0.
4em}5} has been referenced but does not exist, replaced by a fixed one

pdfTeX warning (dest): name{s:KeepMaxReading\\unhbox\040\\voidb@x\040\\vbox\040
{\\hrule\040width0.4em}SP\\unhbox\040\\voidb@x\040\\vbox\040{\\hrule\040width0.
4em}4} has been referenced but does not exist, replaced by a fixed one

pdfTeX warning (dest): name{s:KeepMaxReading\\unhbox\040\\voidb@x\040\\vbox\040
{\\hrule\040width0.4em}SP\\unhbox\040\\voidb@x\040\\vbox\040{\\hrule\040width0.
4em}3} has been referenced but does not exist, replaced by a fixed one

pdfTeX warning (dest): name{s:KeepMaxReading\\unhbox\040\\voidb@x\040\\vbox\040
{\\hrule\040width0.4em}SP\\unhbox\040\\voidb@x\040\\vbox\040{\\hrule\040width0.
4em}2} has been referenced but does not exist, replaced by a fixed one

pdfTeX warning (dest): name{s:KeepMaxReading\\unhbox\040\\voidb@x\040\\vbox\040
{\\hrule\040width0.4em}SP\\unhbox\040\\voidb@x\040\\vbox\040{\\hrule\040width0.
4em}1} has been referenced but does not exist, replaced by a fixed one

pdfTeX warning (dest): name{s:KeepMaxReading\\unhbox\040\\voidb@x\040\\vbox\040
{\\hrule\040width0.4em}DNF\\unhbox\040\\voidb@x\040\\vbox\040{\\hrule\040width0
.4em}1} has been referenced but does not exist, replaced by a fixed one

pdfTeX warning (dest): name{s:KeepMaxReading\\unhbox\040\\voidb@x\040\\vbox\040
{\\hrule\040width0.4em}VIS} has been referenced but does not exist, replaced by
 a fixed one

</usr/share/texmf-texlive/fonts/type1/bluesky/cm/cmbx12.pfb></usr/share/texmf-t
exlive/fonts/type1/bluesky/cm/cmex10.pfb></usr/share/texmf-texlive/fonts/type1/
bluesky/cm/cmmi12.pfb></usr/share/texmf-texlive/fonts/type1/bluesky/cm/cmr10.pf
b></usr/share/texmf-texlive/fonts/type1/bluesky/cm/cmr12.pfb></usr/share/texmf-
texlive/fonts/type1/bluesky/cm/cmr17.pfb></usr/share/texmf-texlive/fonts/type1/
bluesky/cm/cmr7.pfb></usr/share/texmf-texlive/fonts/type1/bluesky/cm/cmr8.pfb><
/usr/share/texmf-texlive/fonts/type1/bluesky/cm/cmsy10.pfb></usr/share/texmf-te
xlive/fonts/type1/bluesky/cm/cmsy8.pfb></usr/share/texmf-texlive/fonts/type1/bl
uesky/cm/cmti12.pfb></usr/share/texmf-texlive/fonts/type1/bluesky/cm/cmti8.pfb>
</usr/share/texmf-texlive/fonts/type1/bluesky/cm/cmtt12.pfb></usr/share/texmf-t
exlive/fonts/type1/bluesky/ams/msbm10.pfb>
Output written on fastest-whitepaper.pdf (19 pages, 297924 bytes).
PDF statistics:
 376 PDF objects out of 1000 (max. 8388607)
 93 named destinations out of 1000 (max. 131072)
 173 words of extra memory for PDF output out of 10000 (max. 10000000)

