This is pdfTeXk, Version 3.141592-1.40.3 (Web2C 7.5.6) (format=latex 2008.4.11)  22 AUG 2008 16:11
entering extended mode
 %&-line parsing enabled.
**xy
(./xy
LaTeX2e <2005/12/01>
Babel <v3.8h> and hyphenation patterns for english, usenglishmax, dumylang, noh
yphenation, loaded.
(./xy (./xy (./xy (./xy (./xy (./xy (./xy (./xy (./xy (./xy (./xy (./xy (./xy
(./xy
! TeX capacity exceeded, sorry [text input levels=15].
l.32 \input xy
              
If you really absolutely need more capacity,
you can ask a wizard to enlarge me.

 
Here is how much of TeX's memory you used:
 35 strings out of 95087
 221 string characters out of 1183278
 45034 words of memory out of 1500000
 3279 multiletter control sequences out of 10000+50000
 3640 words of font info for 14 fonts, out of 1200000 for 2000
 28 hyphenation exceptions out of 8191
 17i,0n,3p,229b,8s stack positions out of 5000i,500n,6000p,200000b,5000s
No pages of output.
