This is pdfTeXk, Version 3.141592-1.40.3 (Web2C 7.5.6) (format=pdflatex 2009.11.19)  18 MAY 2010 21:26
entering extended mode
 %&-line parsing enabled.
**EspecificacionInterfaces.tex
(./EspecificacionInterfaces.tex
LaTeX2e <2005/12/01>
Babel <v3.8h> and hyphenation patterns for english, usenglishmax, dumylang, noh
yphenation, loaded.
(/usr/share/texmf-texlive/tex/latex/base/report.cls
Document Class: report 2005/09/16 v1.4f Standard LaTeX document class
(/usr/share/texmf-texlive/tex/latex/base/fleqn.clo
File: fleqn.clo 1998/08/17 v1.1c Standard LaTeX option (flush left equations)
\mathindent=\dimen102
)
(/usr/share/texmf-texlive/tex/latex/base/size12.clo
File: size12.clo 2005/09/16 v1.4f Standard LaTeX file (size option)
)
\c@part=\count79
\c@chapter=\count80
\c@section=\count81
\c@subsection=\count82
\c@subsubsection=\count83
\c@paragraph=\count84
\c@subparagraph=\count85
\c@figure=\count86
\c@table=\count87
\abovecaptionskip=\skip41
\belowcaptionskip=\skip42
\bibindent=\dimen103
)
(/usr/share/texmf-texlive/tex/generic/babel/babel.sty
Package: babel 2005/11/23 v3.8h The Babel package

(/usr/share/texmf-texlive/tex/generic/babel/spanish.ldf
Language: spanish.ldf 2005/03/31 v4.2b Spanish support from the babel system

(/usr/share/texmf-texlive/tex/generic/babel/babel.def
File: babel.def 2005/11/23 v3.8h Babel common definitions
\babel@savecnt=\count88
\U@D=\dimen104
)

Package babel Warning: No hyphenation patterns were loaded for
(babel)                the language `Spanish'
(babel)                I will use the patterns loaded for \language=0 instead.

\l@spanish = a dialect from \language0
\es@quottoks=\toks14
\es@quotdepth=\count89
Package babel Info: Making . an active character on input line 509.
Package babel Info: Making " an active character on input line 540.
Package babel Info: Making < an active character on input line 641.
Package babel Info: Making > an active character on input line 642.
)) (/usr/share/texmf-texlive/tex/latex/base/inputenc.sty
Package: inputenc 2006/05/05 v1.1b Input encoding file
\inpenc@prehook=\toks15
\inpenc@posthook=\toks16

(/usr/share/texmf-texlive/tex/latex/base/utf8.def
File: utf8.def 2006/03/30 v1.1i UTF-8 support for inputenc
Now handling font encoding OML ...
... no UTF-8 mapping file for font encoding OML
Now handling font encoding T1 ...
... processing UTF-8 mapping file for font encodingT1

(/usr/share/texmf-texlive/tex/latex/base/t1enc.dfu
File: t1enc.dfu 2006/03/30 v1.1i UTF-8 support for inputenc
   defining Unicode char U+00A1 (decimal 161)
   defining Unicode char U+00A3 (decimal 163)
   defining Unicode char U+00AB (decimal 171)
   defining Unicode char U+00BB (decimal 187)
   defining Unicode char U+00BF (decimal 191)
   defining Unicode char U+00C0 (decimal 192)
   defining Unicode char U+00C1 (decimal 193)
   defining Unicode char U+00C2 (decimal 194)
   defining Unicode char U+00C3 (decimal 195)
   defining Unicode char U+00C4 (decimal 196)
   defining Unicode char U+00C5 (decimal 197)
   defining Unicode char U+00C6 (decimal 198)
   defining Unicode char U+00C7 (decimal 199)
   defining Unicode char U+00C8 (decimal 200)
   defining Unicode char U+00C9 (decimal 201)
   defining Unicode char U+00CA (decimal 202)
   defining Unicode char U+00CB (decimal 203)
   defining Unicode char U+00CC (decimal 204)
   defining Unicode char U+00CD (decimal 205)
   defining Unicode char U+00CE (decimal 206)
   defining Unicode char U+00CF (decimal 207)
   defining Unicode char U+00D0 (decimal 208)
   defining Unicode char U+00D1 (decimal 209)
   defining Unicode char U+00D2 (decimal 210)
   defining Unicode char U+00D3 (decimal 211)
   defining Unicode char U+00D4 (decimal 212)
   defining Unicode char U+00D5 (decimal 213)
   defining Unicode char U+00D6 (decimal 214)
   defining Unicode char U+00D8 (decimal 216)
   defining Unicode char U+00D9 (decimal 217)
   defining Unicode char U+00DA (decimal 218)
   defining Unicode char U+00DB (decimal 219)
   defining Unicode char U+00DC (decimal 220)
   defining Unicode char U+00DD (decimal 221)
   defining Unicode char U+00DE (decimal 222)
   defining Unicode char U+00DF (decimal 223)
   defining Unicode char U+00E0 (decimal 224)
   defining Unicode char U+00E1 (decimal 225)
   defining Unicode char U+00E2 (decimal 226)
   defining Unicode char U+00E3 (decimal 227)
   defining Unicode char U+00E4 (decimal 228)
   defining Unicode char U+00E5 (decimal 229)
   defining Unicode char U+00E6 (decimal 230)
   defining Unicode char U+00E7 (decimal 231)
   defining Unicode char U+00E8 (decimal 232)
   defining Unicode char U+00E9 (decimal 233)
   defining Unicode char U+00EA (decimal 234)
   defining Unicode char U+00EB (decimal 235)
   defining Unicode char U+00EC (decimal 236)
   defining Unicode char U+00ED (decimal 237)
   defining Unicode char U+00EE (decimal 238)
   defining Unicode char U+00EF (decimal 239)
   defining Unicode char U+00F0 (decimal 240)
   defining Unicode char U+00F1 (decimal 241)
   defining Unicode char U+00F2 (decimal 242)
   defining Unicode char U+00F3 (decimal 243)
   defining Unicode char U+00F4 (decimal 244)
   defining Unicode char U+00F5 (decimal 245)
   defining Unicode char U+00F6 (decimal 246)
   defining Unicode char U+00F8 (decimal 248)
   defining Unicode char U+00F9 (decimal 249)
   defining Unicode char U+00FA (decimal 250)
   defining Unicode char U+00FB (decimal 251)
   defining Unicode char U+00FC (decimal 252)
   defining Unicode char U+00FD (decimal 253)
   defining Unicode char U+00FE (decimal 254)
   defining Unicode char U+00FF (decimal 255)
   defining Unicode char U+0102 (decimal 258)
   defining Unicode char U+0103 (decimal 259)
   defining Unicode char U+0104 (decimal 260)
   defining Unicode char U+0105 (decimal 261)
   defining Unicode char U+0106 (decimal 262)
   defining Unicode char U+0107 (decimal 263)
   defining Unicode char U+010C (decimal 268)
   defining Unicode char U+010D (decimal 269)
   defining Unicode char U+010E (decimal 270)
   defining Unicode char U+010F (decimal 271)
   defining Unicode char U+0110 (decimal 272)
   defining Unicode char U+0111 (decimal 273)
   defining Unicode char U+0118 (decimal 280)
   defining Unicode char U+0119 (decimal 281)
   defining Unicode char U+011A (decimal 282)
   defining Unicode char U+011B (decimal 283)
   defining Unicode char U+011E (decimal 286)
   defining Unicode char U+011F (decimal 287)
   defining Unicode char U+0130 (decimal 304)
   defining Unicode char U+0131 (decimal 305)
   defining Unicode char U+0132 (decimal 306)
   defining Unicode char U+0133 (decimal 307)
   defining Unicode char U+0139 (decimal 313)
   defining Unicode char U+013A (decimal 314)
   defining Unicode char U+013D (decimal 317)
   defining Unicode char U+013E (decimal 318)
   defining Unicode char U+0141 (decimal 321)
   defining Unicode char U+0142 (decimal 322)
   defining Unicode char U+0143 (decimal 323)
   defining Unicode char U+0144 (decimal 324)
   defining Unicode char U+0147 (decimal 327)
   defining Unicode char U+0148 (decimal 328)
   defining Unicode char U+014A (decimal 330)
   defining Unicode char U+014B (decimal 331)
   defining Unicode char U+0150 (decimal 336)
   defining Unicode char U+0151 (decimal 337)
   defining Unicode char U+0152 (decimal 338)
   defining Unicode char U+0153 (decimal 339)
   defining Unicode char U+0154 (decimal 340)
   defining Unicode char U+0155 (decimal 341)
   defining Unicode char U+0158 (decimal 344)
   defining Unicode char U+0159 (decimal 345)
   defining Unicode char U+015A (decimal 346)
   defining Unicode char U+015B (decimal 347)
   defining Unicode char U+015E (decimal 350)
   defining Unicode char U+015F (decimal 351)
   defining Unicode char U+0160 (decimal 352)
   defining Unicode char U+0161 (decimal 353)
   defining Unicode char U+0162 (decimal 354)
   defining Unicode char U+0163 (decimal 355)
   defining Unicode char U+0164 (decimal 356)
   defining Unicode char U+0165 (decimal 357)
   defining Unicode char U+016E (decimal 366)
   defining Unicode char U+016F (decimal 367)
   defining Unicode char U+0170 (decimal 368)
   defining Unicode char U+0171 (decimal 369)
   defining Unicode char U+0178 (decimal 376)
   defining Unicode char U+0179 (decimal 377)
   defining Unicode char U+017A (decimal 378)
   defining Unicode char U+017B (decimal 379)
   defining Unicode char U+017C (decimal 380)
   defining Unicode char U+017D (decimal 381)
   defining Unicode char U+017E (decimal 382)
   defining Unicode char U+200C (decimal 8204)
   defining Unicode char U+2013 (decimal 8211)
   defining Unicode char U+2014 (decimal 8212)
   defining Unicode char U+2018 (decimal 8216)
   defining Unicode char U+2019 (decimal 8217)
   defining Unicode char U+201A (decimal 8218)
   defining Unicode char U+201C (decimal 8220)
   defining Unicode char U+201D (decimal 8221)
   defining Unicode char U+201E (decimal 8222)
   defining Unicode char U+2030 (decimal 8240)
   defining Unicode char U+2031 (decimal 8241)
   defining Unicode char U+2039 (decimal 8249)
   defining Unicode char U+203A (decimal 8250)
   defining Unicode char U+2423 (decimal 9251)
)
Now handling font encoding OT1 ...
... processing UTF-8 mapping file for font encodingOT1

(/usr/share/texmf-texlive/tex/latex/base/ot1enc.dfu
File: ot1enc.dfu 2006/03/30 v1.1i UTF-8 support for inputenc
   defining Unicode char U+00A1 (decimal 161)
   defining Unicode char U+00A3 (decimal 163)
   defining Unicode char U+00B8 (decimal 184)
   defining Unicode char U+00BF (decimal 191)
   defining Unicode char U+00C5 (decimal 197)
   defining Unicode char U+00C6 (decimal 198)
   defining Unicode char U+00D8 (decimal 216)
   defining Unicode char U+00DF (decimal 223)
   defining Unicode char U+00E6 (decimal 230)
   defining Unicode char U+00EC (decimal 236)
   defining Unicode char U+00ED (decimal 237)
   defining Unicode char U+00EE (decimal 238)
   defining Unicode char U+00EF (decimal 239)
   defining Unicode char U+00F8 (decimal 248)
   defining Unicode char U+0131 (decimal 305)
   defining Unicode char U+0141 (decimal 321)
   defining Unicode char U+0142 (decimal 322)
   defining Unicode char U+0152 (decimal 338)
   defining Unicode char U+0153 (decimal 339)
   defining Unicode char U+2013 (decimal 8211)
   defining Unicode char U+2014 (decimal 8212)
   defining Unicode char U+2018 (decimal 8216)
   defining Unicode char U+2019 (decimal 8217)
   defining Unicode char U+201C (decimal 8220)
   defining Unicode char U+201D (decimal 8221)
)
Now handling font encoding OMS ...
... processing UTF-8 mapping file for font encodingOMS

(/usr/share/texmf-texlive/tex/latex/base/omsenc.dfu
File: omsenc.dfu 2006/03/30 v1.1i UTF-8 support for inputenc
   defining Unicode char U+00A7 (decimal 167)
   defining Unicode char U+00B6 (decimal 182)
   defining Unicode char U+00B7 (decimal 183)
   defining Unicode char U+2020 (decimal 8224)
   defining Unicode char U+2021 (decimal 8225)
   defining Unicode char U+2022 (decimal 8226)
)
Now handling font encoding OMX ...
... no UTF-8 mapping file for font encoding OMX
Now handling font encoding U ...
... no UTF-8 mapping file for font encoding U
   defining Unicode char U+00A9 (decimal 169)
   defining Unicode char U+00AA (decimal 170)
   defining Unicode char U+00AE (decimal 174)
   defining Unicode char U+00BA (decimal 186)
   defining Unicode char U+02C6 (decimal 710)
   defining Unicode char U+02DC (decimal 732)
   defining Unicode char U+200C (decimal 8204)
   defining Unicode char U+2026 (decimal 8230)
   defining Unicode char U+2122 (decimal 8482)
   defining Unicode char U+2423 (decimal 9251)
)) (./fullpage.sty
Package: fullpage 1999/02/23 1.1 (PWD)
\FP@margin=\skip43
)
(/usr/share/texmf-texlive/tex/latex/tools/longtable.sty
Package: longtable 2004/02/01 v4.11 Multi-page Table package (DPC)
\LTleft=\skip44
\LTright=\skip45
\LTpre=\skip46
\LTpost=\skip47
\LTchunksize=\count90
\LTcapwidth=\dimen105
\LT@head=\box26
\LT@firsthead=\box27
\LT@foot=\box28
\LT@lastfoot=\box29
\LT@cols=\count91
\LT@rows=\count92
\c@LT@tables=\count93
\c@LT@chunks=\count94
\LT@p@ftn=\toks17
) (./dirtree.sty
Package: dirtree 2006/01/25 v0.2 package wrapper for dirtree

(./dirtree.tex `dirtree' v0.2, 2006/01/25 (jcc)
\DT@offset=\dimen106
\DT@width=\dimen107
\DT@sep=\dimen108
\DT@all=\dimen109
\DT@rulewidth=\dimen110
\DT@dotwidth=\dimen111
\DTbaselineskip=\dimen112
\DT@counti=\count95
\DT@countii=\count96
\DT@countiii=\count97
\DT@countiv=\count98
)
File: dirtree.tex 2006/01/25 v0.2 `dirtree' (jcc)
)
(/usr/share/texmf-texlive/tex/latex/tools/multicol.sty
Package: multicol 2006/05/18 v1.6g multicolumn formatting (FMi)
\c@tracingmulticols=\count99
\mult@box=\box30
\multicol@leftmargin=\dimen113
\c@unbalance=\count100
\c@collectmore=\count101
\doublecol@number=\count102
\multicoltolerance=\count103
\multicolpretolerance=\count104
\full@width=\dimen114
\page@free=\dimen115
\premulticols=\dimen116
\postmulticols=\dimen117
\multicolsep=\skip48
\multicolbaselineskip=\skip49
\partial@page=\box31
\last@line=\box32
\mult@rightbox=\box33
\mult@grightbox=\box34
\mult@gfirstbox=\box35
\mult@firstbox=\box36
\@tempa=\box37
\@tempa=\box38
\@tempa=\box39
\@tempa=\box40
\@tempa=\box41
\@tempa=\box42
\@tempa=\box43
\@tempa=\box44
\@tempa=\box45
\@tempa=\box46
\@tempa=\box47
\@tempa=\box48
\@tempa=\box49
\@tempa=\box50
\@tempa=\box51
\@tempa=\box52
\@tempa=\box53
\c@columnbadness=\count105
\c@finalcolumnbadness=\count106
\last@try=\dimen118
\multicolovershoot=\dimen119
\multicolundershoot=\dimen120
\mult@nat@firstbox=\box54
\colbreak@box=\box55
)
(/usr/share/texmf-texlive/tex/latex/hyperref/hyperref.sty
Package: hyperref 2007/02/07 v6.75r Hypertext links for LaTeX

(/usr/share/texmf-texlive/tex/latex/graphics/keyval.sty
Package: keyval 1999/03/16 v1.13 key=value parser (DPC)
\KV@toks@=\toks18
)
\@linkdim=\dimen121
\Hy@linkcounter=\count107
\Hy@pagecounter=\count108

(/usr/share/texmf-texlive/tex/latex/hyperref/pd1enc.def
File: pd1enc.def 2007/02/07 v6.75r Hyperref: PDFDocEncoding definition (HO)
Now handling font encoding PD1 ...
... no UTF-8 mapping file for font encoding PD1
)
(/etc/texmf/tex/latex/config/hyperref.cfg
File: hyperref.cfg 2002/06/06 v1.2 hyperref configuration of TeXLive
)
(/usr/share/texmf-texlive/tex/latex/oberdiek/kvoptions.sty
Package: kvoptions 2006/08/22 v2.4 Connects package keyval with LaTeX options (
HO)
)
Package hyperref Info: Option `colorlinks' set `true' on input line 2238.
Package hyperref Info: Hyper figures OFF on input line 2288.
Package hyperref Info: Link nesting OFF on input line 2293.
Package hyperref Info: Hyper index ON on input line 2296.
Package hyperref Info: Plain pages OFF on input line 2303.
Package hyperref Info: Backreferencing OFF on input line 2308.

Implicit mode ON; LaTeX internals redefined
Package hyperref Info: Bookmarks ON on input line 2444.
(/usr/share/texmf-texlive/tex/latex/ltxmisc/url.sty
\Urlmuskip=\muskip10
Package: url 2005/06/27  ver 3.2  Verb mode for urls, etc.
)
LaTeX Info: Redefining \url on input line 2599.
\Fld@menulength=\count109
\Field@Width=\dimen122
\Fld@charsize=\dimen123
\Choice@toks=\toks19
\Field@toks=\toks20
Package hyperref Info: Hyper figures OFF on input line 3102.
Package hyperref Info: Link nesting OFF on input line 3107.
Package hyperref Info: Hyper index ON on input line 3110.
Package hyperref Info: backreferencing OFF on input line 3117.
Package hyperref Info: Link coloring ON on input line 3120.
\Hy@abspage=\count110
\c@Item=\count111
\c@Hfootnote=\count112
)
*hyperref using driver hpdftex*
(/usr/share/texmf-texlive/tex/latex/hyperref/hpdftex.def
File: hpdftex.def 2007/02/07 v6.75r Hyperref driver for pdfTeX
\Fld@listcount=\count113
)
\c@rfc=\count114
\c@icc=\count115

(./EspecificacionInterfaces.aux)
\openout1 = `EspecificacionInterfaces.aux'.

LaTeX Font Info:    Checking defaults for OML/cmm/m/it on input line 72.
LaTeX Font Info:    ... okay on input line 72.
LaTeX Font Info:    Checking defaults for T1/cmr/m/n on input line 72.
LaTeX Font Info:    ... okay on input line 72.
LaTeX Font Info:    Checking defaults for OT1/cmr/m/n on input line 72.
LaTeX Font Info:    ... okay on input line 72.
LaTeX Font Info:    Checking defaults for OMS/cmsy/m/n on input line 72.
LaTeX Font Info:    ... okay on input line 72.
LaTeX Font Info:    Checking defaults for OMX/cmex/m/n on input line 72.
LaTeX Font Info:    ... okay on input line 72.
LaTeX Font Info:    Checking defaults for U/cmr/m/n on input line 72.
LaTeX Font Info:    ... okay on input line 72.
LaTeX Font Info:    Checking defaults for PD1/pdf/m/n on input line 72.
LaTeX Font Info:    ... okay on input line 72.

(/usr/share/texmf-texlive/tex/latex/graphics/color.sty
Package: color 2005/11/14 v1.0j Standard LaTeX Color (DPC)

(/etc/texmf/tex/latex/config/color.cfg
File: color.cfg 2007/01/18 v1.5 color configuration of teTeX/TeXLive
)
Package color Info: Driver file: pdftex.def on input line 130.

(/usr/share/texmf-texlive/tex/latex/pdftex-def/pdftex.def
File: pdftex.def 2007/01/08 v0.04d Graphics/color for pdfTeX
\Gread@gobject=\count116
))
Package hyperref Info: Link coloring ON on input line 72.

(/usr/share/texmf-texlive/tex/latex/hyperref/nameref.sty
Package: nameref 2006/12/27 v2.28 Cross-referencing by name of section

(/usr/share/texmf-texlive/tex/latex/oberdiek/refcount.sty
Package: refcount 2006/02/20 v3.0 Data extraction from references (HO)
)
\c@section@level=\count117
)
LaTeX Info: Redefining \ref on input line 72.
LaTeX Info: Redefining \pageref on input line 72.

(./EspecificacionInterfaces.out) (./EspecificacionInterfaces.out)
\@outlinefile=\write3
\openout3 = `EspecificacionInterfaces.out'.

LaTeX Font Info:    External font `cmex10' loaded for size
(Font)              <14.4> on input line 74.
LaTeX Font Info:    External font `cmex10' loaded for size
(Font)              <7> on input line 74.
 [1

{/var/lib/texmf/fonts/map/pdftex/updmap/pdftex.map}]
LaTeX Font Info:    External font `cmex10' loaded for size
(Font)              <12> on input line 76.
LaTeX Font Info:    External font `cmex10' loaded for size
(Font)              <8> on input line 76.
LaTeX Font Info:    External font `cmex10' loaded for size
(Font)              <6> on input line 76.
pdfTeX warning (ext4): destination with the same identifier (name{page.1}) has 
been already used, duplicate ignored
<to be read again> 
                   \relax 
l.140 
       [1] [2] [3] [4] [5]
Overfull \hbox (1.00203pt too wide) in paragraph at lines 370--372
[]  
 []

[6] [7] [8] [9]
LaTeX Font Info:    Try loading font information for OMS+cmr on input line 650.

 (/usr/share/texmf-texlive/tex/latex/base/omscmr.fd
File: omscmr.fd 1999/05/25 v2.5h Standard LaTeX font definitions
)
LaTeX Font Info:    Font shape `OMS/cmr/m/n' in size <12> not available
(Font)              Font shape `OMS/cmsy/m/n' tried instead on input line 650.
 [10]
[11] [12] [13] [14] [15] [16] [17]
Overfull \hbox (1.00203pt too wide) in paragraph at lines 970--972
[]  
 []

[18] [19] [20] [21] [22] [23] [24] [25] [26] [27]
Overfull \hbox (1.00203pt too wide) in paragraph at lines 1486--1488
[]  
 []

[28] [29]
Overfull \hbox (1.00203pt too wide) in paragraph at lines 1589--1591
[]  
 []

[30] [31] [32] [33] [34] [35pdfTeX warning (ext4): destination with the same id
entifier (name{mi:Scheme}) has been already used, duplicate ignored
<to be read again> 
                   \endgroup \set@typeset@protect 
l.1879 
       ] [36] [37]
Overfull \hbox (1.00203pt too wide) in paragraph at lines 2020--2022
[]  
 []

[38] [39]
Underfull \hbox (badness 2409) in paragraph at lines 2120--2121
[]\OT1/cmr/m/n/12 AbstractIterator, Ab-strac-tRepos-i-to-ry, Client-Tex-tUI, Co
n-troller, Even-
 []


Underfull \hbox (badness 2941) in paragraph at lines 2120--2121
\OT1/cmr/m/n/12 tAd-min, TCaseS-trat-e-gy, TCaseS-trat-e-gy-Pars-er, TCaseS-tra
t-e-gy-S-e-lect-ed,
 []

[40] [41pdfTeX warning (ext4): destination with the same identifier (name{mi:Sh
owHelpCommand}) has been already used, duplicate ignored
<to be read again> 
                   \endgroup \set@typeset@protect 
l.2227 
       ] [42] [43] [44]
Overfull \hbox (1.00203pt too wide) in paragraph at lines 2375--2377
[]  
 []

[45] [46]
Overfull \hbox (1.00203pt too wide) in paragraph at lines 2486--2488
[]  
 []

[47] [48] [49] [50] [51] [52] [53pdfTeX warning (ext4): destination with the sa
me identifier (name{mi:TCaseRefined}) has been already used, duplicate ignored
<to be read again> 
                   \endgroup \set@typeset@protect 
l.2749 
       ] [54] [55]
Overfull \hbox (1.00203pt too wide) in paragraph at lines 2915--2917
[]  
 []

[56] [57] [58]
Overfull \hbox (1.00203pt too wide) in paragraph at lines 3042--3044
[]  
 []

[59] [60] [61] [62]
Overfull \hbox (1.00203pt too wide) in paragraph at lines 3297--3299
[]  
 []

[63] [64] [65] [66] (./EspecificacionInterfaces.aux) ) 
Here is how much of TeX's memory you used:
 3719 strings out of 95086
 50296 string characters out of 1183254
 121648 words of memory out of 1500000
 6519 multiletter control sequences out of 10000+50000
 7895 words of font info for 28 fonts, out of 1200000 for 2000
 28 hyphenation exceptions out of 8191
 25i,9n,25p,1571b,377s stack positions out of 5000i,500n,6000p,200000b,5000s
pdfTeX warning (dest): na
me{mi:TTreeNodeRepository\)} has been referenced but does not exist, replaced b
y a fixed one

pdfTeX warning (dest): name{mi:ConcreteTCase} has been referenced but does not 
exist, replaced by a fixed one

pdfTeX warning (dest): name{mi:T} has been referenced but does not exist, repla
ced by a fixed one

pdfTeX warning (dest): name{mi:ConcreteOutput} has been referenced but does not
 exist, replaced by a fixed one

pdfTeX warning (dest): name{mi:V} has been referenced but does not exist, repla
ced by a fixed one

pdfTeX warning (dest): name{mi:ConcreteRepository} has been referenced but does
 not exist, replaced by a fixed one

pdfTeX warning (dest): name{mi:A} has been referenced but does not exist, repla
ced by a fixed one

pdfTeX warning (dest): name{mi:TCaseStrategyparser} has been referenced but doe
s not exist, replaced by a fixed one

pdfTeX warning (dest): name{mi:Freetype} has been referenced but does not exist
, replaced by a fixed one

pdfTeX warning (dest): name{mi:String} has been referenced but does not exist, 
replaced by a fixed one

pdfTeX warning (dest): name{mi:NatFiniteModelGeneration} has been referenced bu
t does not exist, replaced by a fixed one

pdfTeX warning (dest): name{mi:DServer} has been referenced but does not exist,
 replaced by a fixed one

pdfTeX warning (dest): name{mi:RefFunctionLoaded} has been referenced but does 
not exist, replaced by a fixed one

pdfTeX warning (dest): name{mi:NotTClassLeavesFounded} has been referenced but 
does not exist, replaced by a fixed one

pdfTeX warning (dest): name{mi:WordsFinderVisPatt} has been referenced but does
 not exist, replaced by a fixed one

pdfTeX warning (dest): name{mi:TypeFMsGenVisPatt} has been referenced but does 
not exist, replaced by a fixed one

pdfTeX warning (dest): name{mi:TTreeVisPatt} has been referenced but does not e
xist, replaced by a fixed one

pdfTeX warning (dest): name{mi:TTreeStrategyPatt} has been referenced but does 
not exist, replaced by a fixed one

pdfTeX warning (dest): name{mi:TTreeCompositePatt} has been referenced but does
 not exist, replaced by a fixed one

pdfTeX warning (dest): name{mi:TCaseStrategyPatt} has been referenced but does 
not exist, replaced by a fixed one

pdfTeX warning (dest): name{mi:TacticManagerSinglPatt} has been referenced but 
does not exist, replaced by a fixed one

pdfTeX warning (dest): name{mi:StringToNumReplacerVisPatt} has been referenced 
but does not exist, replaced by a fixed one

pdfTeX warning (dest): name{mi:PrimeVarsMakerVisPatt} has been referenced but d
oes not exist, replaced by a fixed one

pdfTeX warning (dest): name{mi:PredRemoverVisPatt} has been referenced but does
 not exist, replaced by a fixed one

pdfTeX warning (dest): name{mi:PredInOrVerifierVisPatt} has been referenced but
 does not exist, replaced by a fixed one

pdfTeX warning (dest): name{mi:ParamExtractorVisPatt} has been referenced but d
oes not exist, replaced by a fixed one

pdfTeX warning (dest): name{mi:OrPredRemoverVisPatt} has been referenced but do
es not exist, replaced by a fixed one

pdfTeX warning (dest): name{mi:NegPredDistributorVisPatt} has been referenced b
ut does not exist, replaced by a fixed one

pdfTeX warning (dest): name{mi:IteratorPatt} has been referenced but does not e
xist, replaced by a fixed one

pdfTeX warning (dest): name{mi:ImpliesPredRemoverVisPatt} has been referenced b
ut does not exist, replaced by a fixed one

pdfTeX warning (dest): name{mi:FiniteModelCreatorVisPatt} has been referenced b
ut does not exist, replaced by a fixed one

pdfTeX warning (dest): name{mi:EventAdminSinglPatt} has been referenced but doe
s not exist, replaced by a fixed one

pdfTeX warning (dest): name{mi:EventAdminCommandPatt} has been referenced but d
oes not exist, replaced by a fixed one

pdfTeX warning (dest): name{mi:DServerConfigSinglPatt} has been referenced but 
does not exist, replaced by a fixed one

pdfTeX warning (dest): name{mi:CZTReplacerVisPatt} has been referenced but does
 not exist, replaced by a fixed one

pdfTeX warning (dest): name{mi:CZTClonerVisPatt} has been referenced but does n
ot exist, replaced by a fixed one

pdfTeX warning (dest): name{mi:CServersControlSinglPatt} has been referenced bu
t does not exist, replaced by a fixed one

pdfTeX warning (dest): name{mi:ContainsTermVerifierVisPatt} has been referenced
 but does not exist, replaced by a fixed one

pdfTeX warning (dest): name{mi:AndPredSimplifierVisPatt} has been referenced bu
t does not exist, replaced by a fixed one

pdfTeX warning (dest): name{mi:AndPredRemoverVisPatt} has been referenced but d
oes not exist, replaced by a fixed one

pdfTeX warning (dest): name{mi:AndPredClausesRemoverVisPatt} has been reference
d but does not exist, replaced by a fixed one

pdfTeX warning (dest): name{mi:AndPredClausesExtractorVisPatt} has been referen
ced but does not exist, replaced by a fixed one

pdfTeX warning (dest): name{mi:AndOrPredDistributorVisPatt} has been referenced
 but does not exist, replaced by a fixed one

pdfTeX warning (dest): name{mi:PrePruner} has been referenced but does not exis
t, replaced by a fixed one

pdfTeX warning (dest): name{mi:AxPara} has been referenced but does not exist, 
replaced by a fixed one

</usr/share/texmf-texlive/fonts/type1/bluesky/cm/cmbx12.pfb></usr/share/texmf-t
exlive/fonts/type1/bluesky/cm/cmr12.pfb></usr/share/texmf-texlive/fonts/type1/b
luesky/cm/cmr17.pfb></usr/share/texmf-texlive/fonts/type1/bluesky/cm/cmsy10.pfb
>
Output written on EspecificacionInterfaces.pdf (67 pages, 377629 bytes).
PDF statistics:
 1493 PDF objects out of 1728 (max. 8388607)
 356 named destinations out of 1000 (max. 131072)
 17 words of extra memory for PDF output out of 10000 (max. 10000000)

